<?xml version="1.0" encoding="UTF-8"?>
<testng-results ignored="0" total="1" passed="1" failed="0" skipped="0">
  <reporter-output>
  </reporter-output>
  <suite started-at="2024-10-08T18:13:46 IST" name="Suite" finished-at="2024-10-08T18:13:56 IST" duration-ms="10604">
    <groups>
    </groups>
    <test started-at="2024-10-08T18:13:46 IST" name="Test" finished-at="2024-10-08T18:13:56 IST" duration-ms="10604">
      <class name="subho.MyTest1">
        <test-method is-config="true" signature="setUp()[pri:0, instance:subho.MyTest1@54a7079e]" started-at="2024-10-08T18:13:46 IST" name="setUp" finished-at="2024-10-08T18:13:53 IST" duration-ms="6905" status="PASS">
          <reporter-output>
          </reporter-output>
        </test-method> <!-- setUp -->
        <test-method signature="validation()[pri:0, instance:subho.MyTest1@54a7079e]" started-at="2024-10-08T18:13:53 IST" name="validation" finished-at="2024-10-08T18:13:55 IST" duration-ms="2219" status="PASS">
          <reporter-output>
          </reporter-output>
        </test-method> <!-- validation -->
        <test-method is-config="true" signature="tearDown()[pri:0, instance:subho.MyTest1@54a7079e]" started-at="2024-10-08T18:13:55 IST" name="tearDown" finished-at="2024-10-08T18:13:56 IST" duration-ms="1354" status="PASS">
          <reporter-output>
          </reporter-output>
        </test-method> <!-- tearDown -->
      </class> <!-- subho.MyTest1 -->
    </test> <!-- Test -->
  </suite> <!-- Suite -->
</testng-results>
