<?xml version="1.0" encoding="UTF-8"?>
<testng-results ignored="0" total="1" passed="1" failed="0" skipped="0">
  <reporter-output>
  </reporter-output>
  <suite started-at="2024-10-08T18:12:20 IST" name="Suite" finished-at="2024-10-08T18:12:30 IST" duration-ms="9752">
    <groups>
    </groups>
    <test started-at="2024-10-08T18:12:20 IST" name="Test" finished-at="2024-10-08T18:12:30 IST" duration-ms="9752">
      <class name="subho.MyTest1">
        <test-method is-config="true" signature="setUp()[pri:0, instance:subho.MyTest1@793f29ff]" started-at="2024-10-08T18:12:20 IST" name="setUp" finished-at="2024-10-08T18:12:27 IST" duration-ms="6886" status="PASS">
          <reporter-output>
          </reporter-output>
        </test-method> <!-- setUp -->
        <test-method signature="validation()[pri:0, instance:subho.MyTest1@793f29ff]" started-at="2024-10-08T18:12:27 IST" name="validation" finished-at="2024-10-08T18:12:30 IST" duration-ms="2203" status="PASS">
          <reporter-output>
          </reporter-output>
        </test-method> <!-- validation -->
        <test-method is-config="true" signature="tearDown()[pri:0, instance:subho.MyTest1@793f29ff]" started-at="2024-10-08T18:12:30 IST" name="tearDown" finished-at="2024-10-08T18:12:30 IST" duration-ms="602" status="PASS">
          <reporter-output>
          </reporter-output>
        </test-method> <!-- tearDown -->
      </class> <!-- subho.MyTest1 -->
    </test> <!-- Test -->
  </suite> <!-- Suite -->
</testng-results>
